<?xml version="1.0" encoding="UTF-8"?>
<!-- Generated by org.testng.reporters.JUnitReportReporter -->
<testsuite hostname="entrevistas" failures="0" tests="2" name="Test.DemoTest" time="0.124" errors="0" timestamp="2021-01-23T16:18:00 UYT" skipped="0">
  <testcase classname="Test.DemoTest" name="search" time="0.118"/>
  <system-out/>
  <testcase classname="Test.DemoTest" name="validateTitle" time="0.006"/>
  <system-out/>
</testsuite> <!-- Test.DemoTest -->
